0
11
24
3
13
27
Testing Bessel Functions.....
Time for mpfr_float_50 = 6.2742 seconds
Total allocations for mpfr_float_50 = 2684348
Time for mpf_float_50 = 11.2255 seconds
Total allocations for mpf_float_50 = 2601366
Time for cpp_float_50 = 19.5712 seconds
Total allocations for cpp_float_50 = 0
Time for mpfr_class (50 digits) = 6.11757 seconds
Total allocations for mpfr_class (50 digits) = 3946031
Time for mpreal (50 digits) = 9.38756 seconds
Total allocations for mpreal (50 digits) = 13223017
Time for mpfr_float_100 = 9.61944 seconds
Total allocations for mpfr_float_50 = 3671485
Time for mpf_float_100 = 8.29211 seconds
Total allocations for mpf_float_100 = 3593669
Time for cpp_float_100 = 20.4485 seconds
Total allocations for cpp_float_100 = 0
Time for mpfr_class (100 digits) = 9.88427 seconds
Total allocations for mpfr_class (100 digits) = 5447348
Time for mpreal (100 digits) = 13.7811 seconds
Total allocations for mpreal (100 digits) = 16671065
Testing Polynomial Evaluation.....
Time for mpfr_float_50 = 0.00839464 seconds
Total allocations for mpfr_float_50 = 2996
Time for mpf_float_50 = 0.0042138 seconds
Total allocations for mpf_float_50 = 2996
Time for cpp_float_50 = 0.0046054 seconds
Total allocations for cpp_float_50 = 0
Time for mpfr_class (50 digits) = 0.00990538 seconds
Total allocations for mpfr_class (50 digits) = 12976
Time for mpreal (50 digits) = 0.0152955 seconds
Total allocations for mpreal (50 digits = 27947
Time for mpfr_float_100 = 0.00957098 seconds
Total allocations for mpfr_float_100 = 2996
Time for mpf_float_100 = 0.00418726 seconds
Total allocations for mpf_float_100 = 2996
Time for cpp_float_100 = 0.0090742 seconds
Total allocations for cpp_float_100 = 0
Time for mpfr_class (100 digits) = 0.011094 seconds
Total allocations for mpfr_class (100 digits) = 12976
Time for mpreal (100 digits) = 0.0172028 seconds
Total allocations for mpreal (100 digits) = 27947
Testing Non-Central T.....
Time for mpfr_float_50 = 260.324 seconds
Total allocations for mpfr_float_50 = 139149049
Time for mpf_float_50 = 201.95 seconds
Total allocations for mpf_float_50 = 134600354
Time for cpp_float_50 = 340.292 seconds
Total allocations for cpp_float_50 = 0
Time for mpfr_class (50 digits) = 269.03 seconds
Total allocations for mpfr_class (50 digits) = 252401115
Time for mpreal (50 digits) = 350.758 seconds
Total allocations for mpreal (50 digits) = 447009420
Time for mpfr_float_100 = 519.421 seconds
Total allocations for mpfr_float_100 = 220400854
Time for mpf_float_100 = 404.593 seconds
Total allocations for mpf_float_100 = 212307349
Time for cpp_float_100 = 1118.91 seconds
Total allocations for cpp_float_100 = 0
Time for mpfr_class (100 digits) = 541.35 seconds
Total allocations for mpfr_class (100 digits) = 407154781
Time for mpreal (100 digits) = 677.265 seconds
Total allocations for mpreal (100 digits) = 724581024
